Build target '多路测距模块化'
compiling main.c...
compiling keydous.c...
keydous.c(9): error C231: 'keydous': redefinition
keydous.c(116): error C231: 'keydous': redefinition
Target not created.
Build Time Elapsed:  00:00:00
